0 info it worked if it ends with ok
1 verbose cli [ 'C:\\Program Files (x86)\\nodejs\\node.exe',
1 verbose cli   'C:\\Program Files (x86)\\nodejs\\node_modules\\npm\\bin\\npm-cli.js',
1 verbose cli   'run',
1 verbose cli   'server' ]
2 info using npm@3.10.9
3 info using node@v6.9.2
4 verbose run-script [ 'preserver', 'server', 'postserver' ]
5 info lifecycle 10_data-visualization@1.0.0~preserver: 10_data-visualization@1.0.0
6 silly lifecycle 10_data-visualization@1.0.0~preserver: no script for preserver, continuing
7 info lifecycle 10_data-visualization@1.0.0~server: 10_data-visualization@1.0.0
8 verbose lifecycle 10_data-visualization@1.0.0~server: unsafe-perm in lifecycle true
9 verbose lifecycle 10_data-visualization@1.0.0~server: PATH: C:\Program Files (x86)\nodejs\node_modules\npm\bin\node-gyp-bin;D:\publicGithub\iot-training\10_data-visualization\node_modules\.bin;C:\Python27\;C:\Python27\Scripts;C:\Ruby23\bin;C:\cygwin64\bin;D:\Users\210079970\AppData\Local\atom\app-1.12.5;D:\Users\210079970\AppData\Roaming\npm;C:\Program Files\Git\bin;C:\apps\bin\npssbin;C:\jdk\jdk1.8.0_60\bin;C:\Program Files (x86)\Apache\maven;C:\Program Files (x86)\Apache\maven\bin;C:\Sybase\DataAccess\OLEDB\dll;C:\Sybase\DataAccess\ODBC\dll;C:\Sybase\OCS-12_5\lib3p;C:\Sybase\ADO.NET\dll;C:\Sybase\OLEDB;C:\Sybase\ODBC;C:\Sybase\OCS-12_5\dll;C:\Sybase\OCS-12_5\bin;C:\Program Files (x86)\Windows Resource Kits\Tools\;C:\Windows\system32;C:\Windows;C:\Windows\System32\Wbem;C:\Windows\System32\WindowsPowerShell\v1.0\;C:\Apps\Tcl\bin;C:\Apps\perl\bin;C:\Program Files (x86)\CA\SC\Csam\SockAdapter\bin;C:\Program Files\TextPad 4;C:\Apps\bin;C:\Program Files\OpenAFS\Common;c:\Program Files (x86)\TextPad 4;c:\apps\lib;C:\Program Files\Microsoft SQL Server\120\Tools\Binn\;C:\Program Files (x86)\Windows Kits\10\Windows Performance Toolkit\;C:\Program Files\Adobe\Adobe PDF iFilter 9 for 64-bit platforms\bin\;C:\Program Files\Microsoft SQL Server\110\Tools\Binn\;C:\Program Files (x86)\CloudFoundry;C:\Program Files\OpenAFS\Client\Program;C:\Program Files (x86)\OpenAFS\Common;C:\Program Files (x86)\OpenAFS\Client\Program;C:\Anaconda3;C:\Anaconda3\Scripts;C:\Anaconda3\Library\bin;C:\Program Files\CloudFoundry;C:\Program Files (x86)\Android\android-sdk\tools;C:\Program Files (x86)\Android\android-sdk\platform-tools;C:\Program Files\nodejs\;C:\Program Files (x86)\nodejs\;C:\ProgramData\chocolatey\bin;C:\Program Files\TortoiseGit\bin;D:\Users\210079970\.dnx\bin;C:\Program Files (x86)\Pandoc\;D:\Users\210079970\AppData\Roaming\npm;D:\Users\210079970\AppData\Local\atom\bin
10 verbose lifecycle 10_data-visualization@1.0.0~server: CWD: D:\publicGithub\iot-training\10_data-visualization
11 silly lifecycle 10_data-visualization@1.0.0~server: Args: [ '/d /s /c', 'http-server' ]
12 silly lifecycle 10_data-visualization@1.0.0~server: Returned: code: 3221225786  signal: null
13 info lifecycle 10_data-visualization@1.0.0~server: Failed to exec server script
14 verbose stack Error: 10_data-visualization@1.0.0 server: `http-server`
14 verbose stack Exit status 3221225786
14 verbose stack     at EventEmitter.<anonymous> (C:\Program Files (x86)\nodejs\node_modules\npm\lib\utils\lifecycle.js:255:16)
14 verbose stack     at emitTwo (events.js:106:13)
14 verbose stack     at EventEmitter.emit (events.js:191:7)
14 verbose stack     at ChildProcess.<anonymous> (C:\Program Files (x86)\nodejs\node_modules\npm\lib\utils\spawn.js:40:14)
14 verbose stack     at emitTwo (events.js:106:13)
14 verbose stack     at ChildProcess.emit (events.js:191:7)
14 verbose stack     at maybeClose (internal/child_process.js:877:16)
14 verbose stack     at Process.ChildProcess._handle.onexit (internal/child_process.js:226:5)
15 verbose pkgid 10_data-visualization@1.0.0
16 verbose cwd D:\publicGithub\iot-training\10_data-visualization
17 error Windows_NT 6.1.7601
18 error argv "C:\\Program Files (x86)\\nodejs\\node.exe" "C:\\Program Files (x86)\\nodejs\\node_modules\\npm\\bin\\npm-cli.js" "run" "server"
19 error node v6.9.2
20 error npm  v3.10.9
21 error code ELIFECYCLE
22 error 10_data-visualization@1.0.0 server: `http-server`
22 error Exit status 3221225786
23 error Failed at the 10_data-visualization@1.0.0 server script 'http-server'.
23 error Make sure you have the latest version of node.js and npm installed.
23 error If you do, this is most likely a problem with the 10_data-visualization package,
23 error not with npm itself.
23 error Tell the author that this fails on your system:
23 error     http-server
23 error You can get information on how to open an issue for this project with:
23 error     npm bugs 10_data-visualization
23 error Or if that isn't available, you can get their info via:
23 error     npm owner ls 10_data-visualization
23 error There is likely additional logging output above.
24 verbose exit [ 1, true ]
